New log file opened at Wed Sep 06 21:46:14 EDT 2017 by 673@Voyager.local
Taking next connection to: 49286
New client attempting to connect on port: 49287-49286
  Address = /192.168.0.12:49286
This client on port 49287 has uuid aa7eea4c-7e23-40ad-96c0-d19ab7a842cf configName activator humanReadableName Activator protocolVersion 3 featureTags Vector()
Connected Clients: activator-aa7eea4c-7e23-40ad-96c0-d19ab7a842cf
Taking next connection to: 49286
New client attempting to connect on port: 49288-49286
  Address = /192.168.0.12:49286
Handshake exception on socket: 49288
sbt.impl.ipc.HandshakeException: Unable to perform handshake
	at sbt.impl.ipc.Peer.handshake(IPC.scala:46)
	at sbt.impl.ipc.MultiClientServer.<init>(IPC.scala:150)
	at sbt.server.SbtServerSocketHandler$$anon$1.run(SbtServerSocketHandler.scala:43)
Caused by: java.net.SocketException: Connection reset
	at java.net.SocketInputStream.read(SocketInputStream.java:209)
	at java.net.SocketInputStream.read(SocketInputStream.java:141)
	at java.io.BufferedInputStream.fill(BufferedInputStream.java:246)
	at java.io.BufferedInputStream.read(BufferedInputStream.java:265)
	at java.io.DataInputStream.readInt(DataInputStream.java:387)
	at sbt.impl.ipc.Peer.receive(IPC.scala:95)
	at sbt.impl.ipc.Peer.handshake(IPC.scala:49)
	... 2 more
Taking next connection to: 49286
New client attempting to connect on port: 49289-49286
  Address = /192.168.0.12:49286
This client on port 49289 has uuid d5f6fd25-14c9-4b2f-90df-c0d7c343e28e configName activator humanReadableName Activator protocolVersion 3 featureTags Vector()
Connected Clients: activator-aa7eea4c-7e23-40ad-96c0-d19ab7a842cf, activator-d5f6fd25-14c9-4b2f-90df-c0d7c343e28e
Taking next connection to: 49286
New client attempting to connect on port: 49293-49286
  Address = /192.168.0.12:49286
Handshake exception on socket: 49293
sbt.impl.ipc.HandshakeException: Unable to perform handshake
	at sbt.impl.ipc.Peer.handshake(IPC.scala:46)
	at sbt.impl.ipc.MultiClientServer.<init>(IPC.scala:150)
	at sbt.server.SbtServerSocketHandler$$anon$1.run(SbtServerSocketHandler.scala:43)
Caused by: java.io.EOFException
	at java.io.DataInputStream.readInt(DataInputStream.java:392)
	at sbt.impl.ipc.Peer.receive(IPC.scala:95)
	at sbt.impl.ipc.Peer.handshake(IPC.scala:49)
	... 2 more
Taking next connection to: 49286
New client attempting to connect on port: 49294-49286
  Address = /192.168.0.12:49286
This client on port 49294 has uuid 09967fef-760b-489a-a3d4-2705232d51df configName play-fork-run humanReadableName Play Fork Run protocolVersion 1 featureTags Vector()
Connected Clients: activator-d5f6fd25-14c9-4b2f-90df-c0d7c343e28e, play-fork-run-09967fef-760b-489a-a3d4-2705232d51df
Taking next connection to: 49286
New client attempting to connect on port: 49295-49286
  Address = /192.168.0.12:49286
Handshake exception on socket: 49295
sbt.impl.ipc.HandshakeException: Unable to perform handshake
	at sbt.impl.ipc.Peer.handshake(IPC.scala:46)
	at sbt.impl.ipc.MultiClientServer.<init>(IPC.scala:150)
	at sbt.server.SbtServerSocketHandler$$anon$1.run(SbtServerSocketHandler.scala:43)
Caused by: java.io.EOFException
	at java.io.DataInputStream.readInt(DataInputStream.java:392)
	at sbt.impl.ipc.Peer.receive(IPC.scala:95)
	at sbt.impl.ipc.Peer.handshake(IPC.scala:49)
	... 2 more
Taking next connection to: 49286
New client attempting to connect on port: 49296-49286
  Address = /192.168.0.12:49286
This client on port 49296 has uuid 50871c1d-f18b-4e5a-b499-f34176e4ae34 configName play-fork-run humanReadableName Play Fork Run protocolVersion 1 featureTags Vector()
Connected Clients: activator-d5f6fd25-14c9-4b2f-90df-c0d7c343e28e, play-fork-run-50871c1d-f18b-4e5a-b499-f34176e4ae34
Taking next connection to: 49286
New client attempting to connect on port: 49306-49286
  Address = /192.168.0.12:49286
Handshake exception on socket: 49306
sbt.impl.ipc.HandshakeException: Unable to perform handshake
	at sbt.impl.ipc.Peer.handshake(IPC.scala:46)
	at sbt.impl.ipc.MultiClientServer.<init>(IPC.scala:150)
	at sbt.server.SbtServerSocketHandler$$anon$1.run(SbtServerSocketHandler.scala:43)
Caused by: java.io.EOFException
	at java.io.DataInputStream.readInt(DataInputStream.java:392)
	at sbt.impl.ipc.Peer.receive(IPC.scala:95)
	at sbt.impl.ipc.Peer.handshake(IPC.scala:49)
	... 2 more
Taking next connection to: 49286
New client attempting to connect on port: 49307-49286
  Address = /192.168.0.12:49286
This client on port 49307 has uuid a3678352-e757-4669-a97d-5d304ffd79fd configName play-fork-run humanReadableName Play Fork Run protocolVersion 1 featureTags Vector()
Connected Clients: activator-d5f6fd25-14c9-4b2f-90df-c0d7c343e28e, play-fork-run-a3678352-e757-4669-a97d-5d304ffd79fd
Taking next connection to: 49286
New client attempting to connect on port: 49308-49286
  Address = /192.168.0.12:49286
Handshake exception on socket: 49308
sbt.impl.ipc.HandshakeException: Unable to perform handshake
	at sbt.impl.ipc.Peer.handshake(IPC.scala:46)
	at sbt.impl.ipc.MultiClientServer.<init>(IPC.scala:150)
	at sbt.server.SbtServerSocketHandler$$anon$1.run(SbtServerSocketHandler.scala:43)
Caused by: java.io.EOFException
	at java.io.DataInputStream.readInt(DataInputStream.java:392)
	at sbt.impl.ipc.Peer.receive(IPC.scala:95)
	at sbt.impl.ipc.Peer.handshake(IPC.scala:49)
	... 2 more
Taking next connection to: 49286
New client attempting to connect on port: 49309-49286
  Address = /192.168.0.12:49286
This client on port 49309 has uuid d7b2d0d8-b021-4006-a729-9ded3e51f7eb configName play-fork-run humanReadableName Play Fork Run protocolVersion 1 featureTags Vector()
Connected Clients: activator-d5f6fd25-14c9-4b2f-90df-c0d7c343e28e, play-fork-run-d7b2d0d8-b021-4006-a729-9ded3e51f7eb
Taking next connection to: 49286
New client attempting to connect on port: 49311-49286
  Address = /192.168.0.12:49286
Handshake exception on socket: 49311
sbt.impl.ipc.HandshakeException: Unable to perform handshake
	at sbt.impl.ipc.Peer.handshake(IPC.scala:46)
	at sbt.impl.ipc.MultiClientServer.<init>(IPC.scala:150)
	at sbt.server.SbtServerSocketHandler$$anon$1.run(SbtServerSocketHandler.scala:43)
Caused by: java.io.EOFException
	at java.io.DataInputStream.readInt(DataInputStream.java:392)
	at sbt.impl.ipc.Peer.receive(IPC.scala:95)
	at sbt.impl.ipc.Peer.handshake(IPC.scala:49)
	... 2 more
Taking next connection to: 49286
New client attempting to connect on port: 49312-49286
  Address = /192.168.0.12:49286
This client on port 49312 has uuid 83e548a4-a1b8-405c-ac27-8fbf8e9df466 configName play-fork-run humanReadableName Play Fork Run protocolVersion 1 featureTags Vector()
Connected Clients: activator-d5f6fd25-14c9-4b2f-90df-c0d7c343e28e, play-fork-run-83e548a4-a1b8-405c-ac27-8fbf8e9df466
Taking next connection to: 49286
New client attempting to connect on port: 49316-49286
  Address = /192.168.0.12:49286
Handshake exception on socket: 49316
sbt.impl.ipc.HandshakeException: Unable to perform handshake
	at sbt.impl.ipc.Peer.handshake(IPC.scala:46)
	at sbt.impl.ipc.MultiClientServer.<init>(IPC.scala:150)
	at sbt.server.SbtServerSocketHandler$$anon$1.run(SbtServerSocketHandler.scala:43)
Caused by: java.io.EOFException
	at java.io.DataInputStream.readInt(DataInputStream.java:392)
	at sbt.impl.ipc.Peer.receive(IPC.scala:95)
	at sbt.impl.ipc.Peer.handshake(IPC.scala:49)
	... 2 more
Taking next connection to: 49286
New client attempting to connect on port: 49317-49286
  Address = /192.168.0.12:49286
This client on port 49317 has uuid 377012c9-807c-4cc1-83de-8d22361fc9d5 configName play-fork-run humanReadableName Play Fork Run protocolVersion 1 featureTags Vector()
Connected Clients: activator-d5f6fd25-14c9-4b2f-90df-c0d7c343e28e, play-fork-run-377012c9-807c-4cc1-83de-8d22361fc9d5
Taking next connection to: 49286
New client attempting to connect on port: 49318-49286
  Address = /192.168.0.12:49286
Handshake exception on socket: 49318
sbt.impl.ipc.HandshakeException: Unable to perform handshake
	at sbt.impl.ipc.Peer.handshake(IPC.scala:46)
	at sbt.impl.ipc.MultiClientServer.<init>(IPC.scala:150)
	at sbt.server.SbtServerSocketHandler$$anon$1.run(SbtServerSocketHandler.scala:43)
Caused by: java.io.EOFException
	at java.io.DataInputStream.readInt(DataInputStream.java:392)
	at sbt.impl.ipc.Peer.receive(IPC.scala:95)
	at sbt.impl.ipc.Peer.handshake(IPC.scala:49)
	... 2 more
Taking next connection to: 49286
New client attempting to connect on port: 49319-49286
  Address = /192.168.0.12:49286
This client on port 49319 has uuid a7898f57-8924-491a-a81c-4f23834df75c configName play-fork-run humanReadableName Play Fork Run protocolVersion 1 featureTags Vector()
Connected Clients: activator-d5f6fd25-14c9-4b2f-90df-c0d7c343e28e, play-fork-run-a7898f57-8924-491a-a81c-4f23834df75c
Taking next connection to: 49286
New client attempting to connect on port: 49327-49286
  Address = /192.168.0.12:49286
Handshake exception on socket: 49327
sbt.impl.ipc.HandshakeException: Unable to perform handshake
	at sbt.impl.ipc.Peer.handshake(IPC.scala:46)
	at sbt.impl.ipc.MultiClientServer.<init>(IPC.scala:150)
	at sbt.server.SbtServerSocketHandler$$anon$1.run(SbtServerSocketHandler.scala:43)
Caused by: java.io.EOFException
	at java.io.DataInputStream.readInt(DataInputStream.java:392)
	at sbt.impl.ipc.Peer.receive(IPC.scala:95)
	at sbt.impl.ipc.Peer.handshake(IPC.scala:49)
	... 2 more
Taking next connection to: 49286
New client attempting to connect on port: 49328-49286
  Address = /192.168.0.12:49286
This client on port 49328 has uuid 611a147e-177a-447e-81f9-453f3c9edb79 configName play-fork-run humanReadableName Play Fork Run protocolVersion 1 featureTags Vector()
Connected Clients: activator-d5f6fd25-14c9-4b2f-90df-c0d7c343e28e, play-fork-run-611a147e-177a-447e-81f9-453f3c9edb79
Taking next connection to: 49286
New client attempting to connect on port: 49335-49286
  Address = /192.168.0.12:49286
Handshake exception on socket: 49335
sbt.impl.ipc.HandshakeException: Unable to perform handshake
	at sbt.impl.ipc.Peer.handshake(IPC.scala:46)
	at sbt.impl.ipc.MultiClientServer.<init>(IPC.scala:150)
	at sbt.server.SbtServerSocketHandler$$anon$1.run(SbtServerSocketHandler.scala:43)
Caused by: java.io.EOFException
	at java.io.DataInputStream.readInt(DataInputStream.java:392)
	at sbt.impl.ipc.Peer.receive(IPC.scala:95)
	at sbt.impl.ipc.Peer.handshake(IPC.scala:49)
	... 2 more
Taking next connection to: 49286
New client attempting to connect on port: 49336-49286
  Address = /192.168.0.12:49286
This client on port 49336 has uuid 438eeb64-0fd7-49b9-9ceb-5b09c2e48a2c configName play-fork-run humanReadableName Play Fork Run protocolVersion 1 featureTags Vector()
Connected Clients: activator-d5f6fd25-14c9-4b2f-90df-c0d7c343e28e, play-fork-run-438eeb64-0fd7-49b9-9ceb-5b09c2e48a2c
Taking next connection to: 49286
Checking to see if clients are empty...
We have 1 non-daemon clients, continuing serving connections.
Taking next connection to: 49286
Checking to see if clients are empty...
We have 1 non-daemon clients, continuing serving connections.
Taking next connection to: 49286
Checking to see if clients are empty...
We have 1 non-daemon clients, continuing serving connections.
Taking next connection to: 49286
Checking to see if clients are empty...
We have 1 non-daemon clients, continuing serving connections.
Taking next connection to: 49286
Checking to see if clients are empty...
We have 1 non-daemon clients, continuing serving connections.
Taking next connection to: 49286
Checking to see if clients are empty...
We have 1 non-daemon clients, continuing serving connections.
Taking next connection to: 49286
Checking to see if clients are empty...
We have 1 non-daemon clients, continuing serving connections.
Taking next connection to: 49286
Checking to see if clients are empty...
We have 1 non-daemon clients, continuing serving connections.
Taking next connection to: 49286
New client attempting to connect on port: 49383-49286
  Address = /192.168.0.12:49286
Handshake exception on socket: 49383
sbt.impl.ipc.HandshakeException: Unable to perform handshake
	at sbt.impl.ipc.Peer.handshake(IPC.scala:46)
	at sbt.impl.ipc.MultiClientServer.<init>(IPC.scala:150)
	at sbt.server.SbtServerSocketHandler$$anon$1.run(SbtServerSocketHandler.scala:43)
Caused by: java.io.EOFException
	at java.io.DataInputStream.readInt(DataInputStream.java:392)
	at sbt.impl.ipc.Peer.receive(IPC.scala:95)
	at sbt.impl.ipc.Peer.handshake(IPC.scala:49)
	... 2 more
Taking next connection to: 49286
New client attempting to connect on port: 49384-49286
  Address = /192.168.0.12:49286
This client on port 49384 has uuid 62f978d1-a6d8-4568-a6d9-1858f1edf380 configName play-fork-run humanReadableName Play Fork Run protocolVersion 1 featureTags Vector()
Connected Clients: activator-d5f6fd25-14c9-4b2f-90df-c0d7c343e28e, play-fork-run-62f978d1-a6d8-4568-a6d9-1858f1edf380
Taking next connection to: 49286
New client attempting to connect on port: 49385-49286
  Address = /192.168.0.12:49286
Handshake exception on socket: 49385
sbt.impl.ipc.HandshakeException: Unable to perform handshake
	at sbt.impl.ipc.Peer.handshake(IPC.scala:46)
	at sbt.impl.ipc.MultiClientServer.<init>(IPC.scala:150)
	at sbt.server.SbtServerSocketHandler$$anon$1.run(SbtServerSocketHandler.scala:43)
Caused by: java.io.EOFException
	at java.io.DataInputStream.readInt(DataInputStream.java:392)
	at sbt.impl.ipc.Peer.receive(IPC.scala:95)
	at sbt.impl.ipc.Peer.handshake(IPC.scala:49)
	... 2 more
Taking next connection to: 49286
New client attempting to connect on port: 49386-49286
  Address = /192.168.0.12:49286
This client on port 49386 has uuid 45ef6d0e-1d01-4364-90ab-1622fdcf66a8 configName play-fork-run humanReadableName Play Fork Run protocolVersion 1 featureTags Vector()
Connected Clients: activator-d5f6fd25-14c9-4b2f-90df-c0d7c343e28e, play-fork-run-45ef6d0e-1d01-4364-90ab-1622fdcf66a8
Taking next connection to: 49286
Checking to see if clients are empty...
We have 1 non-daemon clients, continuing serving connections.
Taking next connection to: 49286
Checking to see if clients are empty...
We have 1 non-daemon clients, continuing serving connections.
Taking next connection to: 49286
Checking to see if clients are empty...
We have 1 non-daemon clients, continuing serving connections.
Taking next connection to: 49286
Checking to see if clients are empty...
We have 1 non-daemon clients, continuing serving connections.
Taking next connection to: 49286
Checking to see if clients are empty...
We have 1 non-daemon clients, continuing serving connections.
Taking next connection to: 49286
New client attempting to connect on port: 49402-49286
  Address = /192.168.0.12:49286
Handshake exception on socket: 49402
sbt.impl.ipc.HandshakeException: Unable to perform handshake
	at sbt.impl.ipc.Peer.handshake(IPC.scala:46)
	at sbt.impl.ipc.MultiClientServer.<init>(IPC.scala:150)
	at sbt.server.SbtServerSocketHandler$$anon$1.run(SbtServerSocketHandler.scala:43)
Caused by: java.io.EOFException
	at java.io.DataInputStream.readInt(DataInputStream.java:392)
	at sbt.impl.ipc.Peer.receive(IPC.scala:95)
	at sbt.impl.ipc.Peer.handshake(IPC.scala:49)
	... 2 more
Taking next connection to: 49286
New client attempting to connect on port: 49403-49286
  Address = /192.168.0.12:49286
This client on port 49403 has uuid 1b2cf708-7ab7-41a3-9599-69cbee483528 configName play-fork-run humanReadableName Play Fork Run protocolVersion 1 featureTags Vector()
Connected Clients: activator-d5f6fd25-14c9-4b2f-90df-c0d7c343e28e, play-fork-run-1b2cf708-7ab7-41a3-9599-69cbee483528
Taking next connection to: 49286
New client attempting to connect on port: 49408-49286
  Address = /192.168.0.12:49286
Handshake exception on socket: 49408
sbt.impl.ipc.HandshakeException: Unable to perform handshake
	at sbt.impl.ipc.Peer.handshake(IPC.scala:46)
	at sbt.impl.ipc.MultiClientServer.<init>(IPC.scala:150)
	at sbt.server.SbtServerSocketHandler$$anon$1.run(SbtServerSocketHandler.scala:43)
Caused by: java.io.EOFException
	at java.io.DataInputStream.readInt(DataInputStream.java:392)
	at sbt.impl.ipc.Peer.receive(IPC.scala:95)
	at sbt.impl.ipc.Peer.handshake(IPC.scala:49)
	... 2 more
Taking next connection to: 49286
New client attempting to connect on port: 49409-49286
  Address = /192.168.0.12:49286
This client on port 49409 has uuid 37d49803-f116-458c-bb03-8992bad998b3 configName play-fork-run humanReadableName Play Fork Run protocolVersion 1 featureTags Vector()
Connected Clients: activator-d5f6fd25-14c9-4b2f-90df-c0d7c343e28e, play-fork-run-37d49803-f116-458c-bb03-8992bad998b3
Taking next connection to: 49286
Checking to see if clients are empty...
We have 1 non-daemon clients, continuing serving connections.
Taking next connection to: 49286
New client attempting to connect on port: 49420-49286
  Address = /192.168.0.12:49286
Handshake exception on socket: 49420
sbt.impl.ipc.HandshakeException: Unable to perform handshake
	at sbt.impl.ipc.Peer.handshake(IPC.scala:46)
	at sbt.impl.ipc.MultiClientServer.<init>(IPC.scala:150)
	at sbt.server.SbtServerSocketHandler$$anon$1.run(SbtServerSocketHandler.scala:43)
Caused by: java.io.EOFException
	at java.io.DataInputStream.readInt(DataInputStream.java:392)
	at sbt.impl.ipc.Peer.receive(IPC.scala:95)
	at sbt.impl.ipc.Peer.handshake(IPC.scala:49)
	... 2 more
Taking next connection to: 49286
New client attempting to connect on port: 49421-49286
  Address = /192.168.0.12:49286
This client on port 49421 has uuid 159ca4f2-6d78-4d66-897a-15bd1c5fb495 configName play-fork-run humanReadableName Play Fork Run protocolVersion 1 featureTags Vector()
Connected Clients: activator-d5f6fd25-14c9-4b2f-90df-c0d7c343e28e, play-fork-run-159ca4f2-6d78-4d66-897a-15bd1c5fb495
Taking next connection to: 49286
New client attempting to connect on port: 49422-49286
  Address = /192.168.0.12:49286
Handshake exception on socket: 49422
sbt.impl.ipc.HandshakeException: Unable to perform handshake
	at sbt.impl.ipc.Peer.handshake(IPC.scala:46)
	at sbt.impl.ipc.MultiClientServer.<init>(IPC.scala:150)
	at sbt.server.SbtServerSocketHandler$$anon$1.run(SbtServerSocketHandler.scala:43)
Caused by: java.io.EOFException
	at java.io.DataInputStream.readInt(DataInputStream.java:392)
	at sbt.impl.ipc.Peer.receive(IPC.scala:95)
	at sbt.impl.ipc.Peer.handshake(IPC.scala:49)
	... 2 more
Taking next connection to: 49286
New client attempting to connect on port: 49423-49286
  Address = /192.168.0.12:49286
This client on port 49423 has uuid 207fddf1-646b-431a-b79f-5896b1ded06c configName play-fork-run humanReadableName Play Fork Run protocolVersion 1 featureTags Vector()
Connected Clients: activator-d5f6fd25-14c9-4b2f-90df-c0d7c343e28e, play-fork-run-207fddf1-646b-431a-b79f-5896b1ded06c
Taking next connection to: 49286
Checking to see if clients are empty...
We have 1 non-daemon clients, continuing serving connections.
Taking next connection to: 49286
New client attempting to connect on port: 49426-49286
  Address = /192.168.0.12:49286
Handshake exception on socket: 49426
sbt.impl.ipc.HandshakeException: Unable to perform handshake
	at sbt.impl.ipc.Peer.handshake(IPC.scala:46)
	at sbt.impl.ipc.MultiClientServer.<init>(IPC.scala:150)
	at sbt.server.SbtServerSocketHandler$$anon$1.run(SbtServerSocketHandler.scala:43)
Caused by: java.io.EOFException
	at java.io.DataInputStream.readInt(DataInputStream.java:392)
	at sbt.impl.ipc.Peer.receive(IPC.scala:95)
	at sbt.impl.ipc.Peer.handshake(IPC.scala:49)
	... 2 more
Taking next connection to: 49286
New client attempting to connect on port: 49427-49286
  Address = /192.168.0.12:49286
This client on port 49427 has uuid c418d34a-433f-43a9-bf91-9389364e2e48 configName play-fork-run humanReadableName Play Fork Run protocolVersion 1 featureTags Vector()
Connected Clients: activator-d5f6fd25-14c9-4b2f-90df-c0d7c343e28e, play-fork-run-c418d34a-433f-43a9-bf91-9389364e2e48
Taking next connection to: 49286
New client attempting to connect on port: 49428-49286
  Address = /192.168.0.12:49286
Handshake exception on socket: 49428
sbt.impl.ipc.HandshakeException: Unable to perform handshake
	at sbt.impl.ipc.Peer.handshake(IPC.scala:46)
	at sbt.impl.ipc.MultiClientServer.<init>(IPC.scala:150)
	at sbt.server.SbtServerSocketHandler$$anon$1.run(SbtServerSocketHandler.scala:43)
Caused by: java.io.EOFException
	at java.io.DataInputStream.readInt(DataInputStream.java:392)
	at sbt.impl.ipc.Peer.receive(IPC.scala:95)
	at sbt.impl.ipc.Peer.handshake(IPC.scala:49)
	... 2 more
Taking next connection to: 49286
New client attempting to connect on port: 49429-49286
  Address = /192.168.0.12:49286
This client on port 49429 has uuid 05d310f7-90c3-4935-8967-b5407d85cfaa configName play-fork-run humanReadableName Play Fork Run protocolVersion 1 featureTags Vector()
Connected Clients: activator-d5f6fd25-14c9-4b2f-90df-c0d7c343e28e, play-fork-run-05d310f7-90c3-4935-8967-b5407d85cfaa
Taking next connection to: 49286
Checking to see if clients are empty...
We have 1 non-daemon clients, continuing serving connections.
Taking next connection to: 49286
New client attempting to connect on port: 49449-49286
  Address = /192.168.0.12:49286
Handshake exception on socket: 49449
sbt.impl.ipc.HandshakeException: Unable to perform handshake
	at sbt.impl.ipc.Peer.handshake(IPC.scala:46)
	at sbt.impl.ipc.MultiClientServer.<init>(IPC.scala:150)
	at sbt.server.SbtServerSocketHandler$$anon$1.run(SbtServerSocketHandler.scala:43)
Caused by: java.io.EOFException
	at java.io.DataInputStream.readInt(DataInputStream.java:392)
	at sbt.impl.ipc.Peer.receive(IPC.scala:95)
	at sbt.impl.ipc.Peer.handshake(IPC.scala:49)
	... 2 more
Taking next connection to: 49286
New client attempting to connect on port: 49450-49286
  Address = /192.168.0.12:49286
This client on port 49450 has uuid da7fcf18-841c-493b-aeea-8fc24691a31e configName play-fork-run humanReadableName Play Fork Run protocolVersion 1 featureTags Vector()
Connected Clients: activator-d5f6fd25-14c9-4b2f-90df-c0d7c343e28e, play-fork-run-da7fcf18-841c-493b-aeea-8fc24691a31e
Taking next connection to: 49286
Checking to see if clients are empty...
We have 1 non-daemon clients, continuing serving connections.
Taking next connection to: 49286
New client attempting to connect on port: 49455-49286
  Address = /192.168.0.12:49286
Handshake exception on socket: 49455
sbt.impl.ipc.HandshakeException: Unable to perform handshake
	at sbt.impl.ipc.Peer.handshake(IPC.scala:46)
	at sbt.impl.ipc.MultiClientServer.<init>(IPC.scala:150)
	at sbt.server.SbtServerSocketHandler$$anon$1.run(SbtServerSocketHandler.scala:43)
Caused by: java.io.EOFException
	at java.io.DataInputStream.readInt(DataInputStream.java:392)
	at sbt.impl.ipc.Peer.receive(IPC.scala:95)
	at sbt.impl.ipc.Peer.handshake(IPC.scala:49)
	... 2 more
Taking next connection to: 49286
New client attempting to connect on port: 49456-49286
  Address = /192.168.0.12:49286
This client on port 49456 has uuid bea25211-b772-4ec5-a2c0-ad9351eb9566 configName play-fork-run humanReadableName Play Fork Run protocolVersion 1 featureTags Vector()
Connected Clients: activator-d5f6fd25-14c9-4b2f-90df-c0d7c343e28e, play-fork-run-bea25211-b772-4ec5-a2c0-ad9351eb9566
Taking next connection to: 49286
Checking to see if clients are empty...
We have 1 non-daemon clients, continuing serving connections.
Taking next connection to: 49286
Checking to see if clients are empty...
We have 1 non-daemon clients, continuing serving connections.
Taking next connection to: 49286
Checking to see if clients are empty...
We have 1 non-daemon clients, continuing serving connections.
Taking next connection to: 49286
Checking to see if clients are empty...
We have 1 non-daemon clients, continuing serving connections.
Taking next connection to: 49286
Checking to see if clients are empty...
We have 1 non-daemon clients, continuing serving connections.
Taking next connection to: 49286
